C:\USERS\Y.DOPA\DOCUMENTS\VISUAL STUDIO 2012\PROJECTS\ARTICLE5\DEBUG\ARTICLE5.OBJ
C:\USERS\Y.DOPA\DOCUMENTS\VISUAL STUDIO 2012\PROJECTS\ARTICLE5\DEBUG\SHADERS.OBJ
C:\USERS\Y.DOPA\DOCUMENTS\VISUAL STUDIO 2012\PROJECTS\ARTICLE5\DEBUG\VC110.PDB
C:\USERS\Y.DOPA\DOCUMENTS\VISUAL STUDIO 2012\PROJECTS\ARTICLE5\DEBUG\ARTICLE5.ILK
C:\USERS\Y.DOPA\DOCUMENTS\VISUAL STUDIO 2012\PROJECTS\ARTICLE5\DEBUG\ARTICLE5.EXE
C:\WINDOWS\PCDRM\DUMP\20141104_NSCCOR03.LOG
C:\WINDOWS\PCDRM\DUMP\20141104_NFD01.LOG
C:\WINDOWS\PCDRM\DUMP\20141104_NSCFA.LOG
C:\WINDOWS\PCDRM\DUMP\20141104_NSCCOR01.LOG
C:\USERS\Y.DOPA\DOCUMENTS\VISUAL STUDIO 2012\PROJECTS\ARTICLE5\DEBUG\ARTICLE5.PDB
C:\Users\y.dopa\Documents\Visual Studio 2012\Projects\Article5\Debug\Article5.obj
C:\Users\y.dopa\Documents\Visual Studio 2012\Projects\Article5\Debug\shaders.obj
C:\Users\y.dopa\Documents\Visual Studio 2012\Projects\Article5\Debug\Article5.ilk
C:\Users\y.dopa\Documents\Visual Studio 2012\Projects\Article5\Debug\cl.command.1.tlog
C:\Users\y.dopa\Documents\Visual Studio 2012\Projects\Article5\Debug\CL.read.1.tlog
C:\Users\y.dopa\Documents\Visual Studio 2012\Projects\Article5\Debug\CL.read.2.tlog
C:\Users\y.dopa\Documents\Visual Studio 2012\Projects\Article5\Debug\CL.write.1.tlog
C:\Users\y.dopa\Documents\Visual Studio 2012\Projects\Article5\Debug\link-cvtres.read.1.tlog
C:\Users\y.dopa\Documents\Visual Studio 2012\Projects\Article5\Debug\link-cvtres.write.1.tlog
C:\Users\y.dopa\Documents\Visual Studio 2012\Projects\Article5\Debug\link-rc.read.1.tlog
C:\Users\y.dopa\Documents\Visual Studio 2012\Projects\Article5\Debug\link-rc.write.1.tlog
C:\Users\y.dopa\Documents\Visual Studio 2012\Projects\Article5\Debug\link.command.1.tlog
C:\Users\y.dopa\Documents\Visual Studio 2012\Projects\Article5\Debug\link.read.1.tlog
C:\Users\y.dopa\Documents\Visual Studio 2012\Projects\Article5\Debug\link.write.1.tlog
C:\Users\y.dopa\Documents\Visual Studio 2012\Projects\Article5\Debug\vc110.idb
C:\Users\y.dopa\Documents\Visual Studio 2012\Projects\Article5\Debug\Article5.pdb
C:\Users\y.dopa\Documents\Visual Studio 2012\Projects\Article5\Debug\vc110.pdb
C:\Users\y.dopa\Documents\Visual Studio 2012\Projects\Article5\Debug\Article5.exe
