C:\USERS\Y.DOPA\DOCUMENTS\VISUAL STUDIO 2012\GL2DIMAGETO3D-MASTER\DEBUG\CREATEGEOMETRYSCENE.OBJ
C:\USERS\Y.DOPA\DOCUMENTS\VISUAL STUDIO 2012\GL2DIMAGETO3D-MASTER\DEBUG\GLMAIN.OBJ
C:\USERS\Y.DOPA\DOCUMENTS\VISUAL STUDIO 2012\GL2DIMAGETO3D-MASTER\DEBUG\IMAGEDATA.OBJ
C:\USERS\Y.DOPA\DOCUMENTS\VISUAL STUDIO 2012\GL2DIMAGETO3D-MASTER\DEBUG\OPENFILEDIALOG.OBJ
C:\USERS\Y.DOPA\DOCUMENTS\VISUAL STUDIO 2012\GL2DIMAGETO3D-MASTER\DEBUG\RENDERER.OBJ
C:\USERS\Y.DOPA\DOCUMENTS\VISUAL STUDIO 2012\GL2DIMAGETO3D-MASTER\DEBUG\ROTATEIMAGE.OBJ
C:\USERS\Y.DOPA\DOCUMENTS\VISUAL STUDIO 2012\GL2DIMAGETO3D-MASTER\DEBUG\SHADERS.OBJ
C:\USERS\Y.DOPA\DOCUMENTS\VISUAL STUDIO 2012\GL2DIMAGETO3D-MASTER\DEBUG\TEXTURE.OBJ
C:\USERS\Y.DOPA\DOCUMENTS\VISUAL STUDIO 2012\GL2DIMAGETO3D-MASTER\DEBUG\VERTEXSTRUCT.OBJ
C:\USERS\Y.DOPA\DOCUMENTS\VISUAL STUDIO 2012\GL2DIMAGETO3D-MASTER\DEBUG\VC110.PDB
C:\USERS\Y.DOPA\DOCUMENTS\VISUAL STUDIO 2012\GL2DIMAGETO3D-MASTER\DEBUG\MYOPENGLPROJECT.ILK
C:\USERS\Y.DOPA\DOCUMENTS\VISUAL STUDIO 2012\GL2DIMAGETO3D-MASTER\DEBUG\MYOPENGLPROJECT.EXE
C:\USERS\Y.DOPA\DOCUMENTS\VISUAL STUDIO 2012\GL2DIMAGETO3D-MASTER\DEBUG\MYOPENGLPROJECT.PDB
C:\WINDOWS\PCDRM\DUMP\20141223_NSCCOR03.LOG
C:\WINDOWS\PCDRM\DUMP\20141223_NFD01.LOG
C:\WINDOWS\PCDRM\DUMP\20141223_NSCFA.LOG
C:\WINDOWS\PCDRM\DUMP\20141223_NSCCOR01.LOG
C:\USERS\Y.DOPA\DOCUMENTS\VISUAL STUDIO 2012\GL2DIMAGETO3D-MASTER\DEBUG\MYOPENGLPROJECT.RES
C:\Users\y.dopa\Documents\Visual Studio 2012\GL2DImageTo3D-master\Debug\CreateGeometryScene.obj
C:\Users\y.dopa\Documents\Visual Studio 2012\GL2DImageTo3D-master\Debug\GLmain.obj
C:\Users\y.dopa\Documents\Visual Studio 2012\GL2DImageTo3D-master\Debug\ImageData.obj
C:\Users\y.dopa\Documents\Visual Studio 2012\GL2DImageTo3D-master\Debug\OpenFileDialog.obj
C:\Users\y.dopa\Documents\Visual Studio 2012\GL2DImageTo3D-master\Debug\Renderer.obj
C:\Users\y.dopa\Documents\Visual Studio 2012\GL2DImageTo3D-master\Debug\RotateImage.obj
C:\Users\y.dopa\Documents\Visual Studio 2012\GL2DImageTo3D-master\Debug\shaders.obj
C:\Users\y.dopa\Documents\Visual Studio 2012\GL2DImageTo3D-master\Debug\texture.obj
C:\Users\y.dopa\Documents\Visual Studio 2012\GL2DImageTo3D-master\Debug\VertexStruct.obj
C:\Users\y.dopa\Documents\Visual Studio 2012\GL2DImageTo3D-master\Debug\MyOpenGLProject.ilk
C:\Users\y.dopa\Documents\Visual Studio 2012\GL2DImageTo3D-master\Debug\cl.command.1.tlog
C:\Users\y.dopa\Documents\Visual Studio 2012\GL2DImageTo3D-master\Debug\CL.read.1.tlog
C:\Users\y.dopa\Documents\Visual Studio 2012\GL2DImageTo3D-master\Debug\CL.read.2.tlog
C:\Users\y.dopa\Documents\Visual Studio 2012\GL2DImageTo3D-master\Debug\CL.write.1.tlog
C:\Users\y.dopa\Documents\Visual Studio 2012\GL2DImageTo3D-master\Debug\link-cvtres.read.1.tlog
C:\Users\y.dopa\Documents\Visual Studio 2012\GL2DImageTo3D-master\Debug\link-cvtres.write.1.tlog
C:\Users\y.dopa\Documents\Visual Studio 2012\GL2DImageTo3D-master\Debug\link-rc.read.1.tlog
C:\Users\y.dopa\Documents\Visual Studio 2012\GL2DImageTo3D-master\Debug\link-rc.write.1.tlog
C:\Users\y.dopa\Documents\Visual Studio 2012\GL2DImageTo3D-master\Debug\link.8428-cvtres.read.1.tlog
C:\Users\y.dopa\Documents\Visual Studio 2012\GL2DImageTo3D-master\Debug\link.8428-cvtres.write.1.tlog
C:\Users\y.dopa\Documents\Visual Studio 2012\GL2DImageTo3D-master\Debug\link.8428-rc.read.1.tlog
C:\Users\y.dopa\Documents\Visual Studio 2012\GL2DImageTo3D-master\Debug\link.8428-rc.write.1.tlog
C:\Users\y.dopa\Documents\Visual Studio 2012\GL2DImageTo3D-master\Debug\link.8428.read.1.tlog
C:\Users\y.dopa\Documents\Visual Studio 2012\GL2DImageTo3D-master\Debug\link.8428.write.1.tlog
C:\Users\y.dopa\Documents\Visual Studio 2012\GL2DImageTo3D-master\Debug\link.command.1.tlog
C:\Users\y.dopa\Documents\Visual Studio 2012\GL2DImageTo3D-master\Debug\link.read.1.tlog
C:\Users\y.dopa\Documents\Visual Studio 2012\GL2DImageTo3D-master\Debug\link.read.2.tlog
C:\Users\y.dopa\Documents\Visual Studio 2012\GL2DImageTo3D-master\Debug\link.write.1.tlog
C:\Users\y.dopa\Documents\Visual Studio 2012\GL2DImageTo3D-master\Debug\rc.command.1.tlog
C:\Users\y.dopa\Documents\Visual Studio 2012\GL2DImageTo3D-master\Debug\rc.read.1.tlog
C:\Users\y.dopa\Documents\Visual Studio 2012\GL2DImageTo3D-master\Debug\rc.write.1.tlog
C:\Users\y.dopa\Documents\Visual Studio 2012\GL2DImageTo3D-master\Debug\MyOpenGLProject.res
C:\Users\y.dopa\Documents\Visual Studio 2012\GL2DImageTo3D-master\Debug\vc110.idb
C:\Users\y.dopa\Documents\Visual Studio 2012\GL2DImageTo3D-master\Debug\MyOpenGLProject.pdb
C:\Users\y.dopa\Documents\Visual Studio 2012\GL2DImageTo3D-master\Debug\vc110.pdb
C:\Users\y.dopa\Documents\Visual Studio 2012\GL2DImageTo3D-master\Debug\MyOpenGLProject.exe
