C:\USERS\Y.DOPA\DOCUMENTS\VISUAL STUDIO 2012\GL2DIMAGETO3D-MASTER\RELEASE\VERTEXSTRUCT.OBJ
C:\USERS\Y.DOPA\DOCUMENTS\VISUAL STUDIO 2012\GL2DIMAGETO3D-MASTER\RELEASE\TEXTURE.OBJ
C:\USERS\Y.DOPA\DOCUMENTS\VISUAL STUDIO 2012\GL2DIMAGETO3D-MASTER\RELEASE\SHADERS.OBJ
C:\USERS\Y.DOPA\DOCUMENTS\VISUAL STUDIO 2012\GL2DIMAGETO3D-MASTER\RELEASE\ROTATEIMAGE.OBJ
C:\USERS\Y.DOPA\DOCUMENTS\VISUAL STUDIO 2012\GL2DIMAGETO3D-MASTER\RELEASE\OPENFILEDIALOG.OBJ
C:\USERS\Y.DOPA\DOCUMENTS\VISUAL STUDIO 2012\GL2DIMAGETO3D-MASTER\RELEASE\IMAGEDATA.OBJ
C:\USERS\Y.DOPA\DOCUMENTS\VISUAL STUDIO 2012\GL2DIMAGETO3D-MASTER\RELEASE\GLMAIN.OBJ
C:\USERS\Y.DOPA\DOCUMENTS\VISUAL STUDIO 2012\GL2DIMAGETO3D-MASTER\RELEASE\CREATESCENE.OBJ
C:\USERS\Y.DOPA\DOCUMENTS\VISUAL STUDIO 2012\GL2DIMAGETO3D-MASTER\RELEASE\VC110.PDB
C:\USERS\Y.DOPA\DOCUMENTS\VISUAL STUDIO 2012\GL2DIMAGETO3D-MASTER\RELEASE\MYOPENGLPROJECT.EXE
C:\WINDOWS\PCDRM\DUMP\20141222_NSCCOR03.LOG
C:\WINDOWS\PCDRM\DUMP\20141222_NFD01.LOG
C:\WINDOWS\PCDRM\DUMP\20141222_NSCFA.LOG
C:\WINDOWS\PCDRM\DUMP\20141222_NSCCOR01.LOG
C:\USERS\Y.DOPA\DOCUMENTS\VISUAL STUDIO 2012\GL2DIMAGETO3D-MASTER\RELEASE\MYOPENGLPROJECT.PDB
C:\USERS\Y.DOPA\DOCUMENTS\VISUAL STUDIO 2012\GL2DIMAGETO3D-MASTER\RELEASE\MYOPENGLPROJECT.RES
C:\Users\y.dopa\Documents\Visual Studio 2012\GL2DImageTo3D-master\Release\CreateScene.obj
C:\Users\y.dopa\Documents\Visual Studio 2012\GL2DImageTo3D-master\Release\GLmain.obj
C:\Users\y.dopa\Documents\Visual Studio 2012\GL2DImageTo3D-master\Release\ImageData.obj
C:\Users\y.dopa\Documents\Visual Studio 2012\GL2DImageTo3D-master\Release\OpenFileDialog.obj
C:\Users\y.dopa\Documents\Visual Studio 2012\GL2DImageTo3D-master\Release\RotateImage.obj
C:\Users\y.dopa\Documents\Visual Studio 2012\GL2DImageTo3D-master\Release\shaders.obj
C:\Users\y.dopa\Documents\Visual Studio 2012\GL2DImageTo3D-master\Release\texture.obj
C:\Users\y.dopa\Documents\Visual Studio 2012\GL2DImageTo3D-master\Release\VertexStruct.obj
C:\Users\y.dopa\Documents\Visual Studio 2012\GL2DImageTo3D-master\Release\cl.command.1.tlog
C:\Users\y.dopa\Documents\Visual Studio 2012\GL2DImageTo3D-master\Release\CL.read.1.tlog
C:\Users\y.dopa\Documents\Visual Studio 2012\GL2DImageTo3D-master\Release\CL.read.2.tlog
C:\Users\y.dopa\Documents\Visual Studio 2012\GL2DImageTo3D-master\Release\CL.write.1.tlog
C:\Users\y.dopa\Documents\Visual Studio 2012\GL2DImageTo3D-master\Release\link-cvtres.read.1.tlog
C:\Users\y.dopa\Documents\Visual Studio 2012\GL2DImageTo3D-master\Release\link-cvtres.write.1.tlog
C:\Users\y.dopa\Documents\Visual Studio 2012\GL2DImageTo3D-master\Release\link-rc.read.1.tlog
C:\Users\y.dopa\Documents\Visual Studio 2012\GL2DImageTo3D-master\Release\link-rc.write.1.tlog
C:\Users\y.dopa\Documents\Visual Studio 2012\GL2DImageTo3D-master\Release\link.command.1.tlog
C:\Users\y.dopa\Documents\Visual Studio 2012\GL2DImageTo3D-master\Release\link.read.1.tlog
C:\Users\y.dopa\Documents\Visual Studio 2012\GL2DImageTo3D-master\Release\link.read.2.tlog
C:\Users\y.dopa\Documents\Visual Studio 2012\GL2DImageTo3D-master\Release\link.write.1.tlog
C:\Users\y.dopa\Documents\Visual Studio 2012\GL2DImageTo3D-master\Release\rc.command.1.tlog
C:\Users\y.dopa\Documents\Visual Studio 2012\GL2DImageTo3D-master\Release\rc.read.1.tlog
C:\Users\y.dopa\Documents\Visual Studio 2012\GL2DImageTo3D-master\Release\rc.write.1.tlog
C:\Users\y.dopa\Documents\Visual Studio 2012\GL2DImageTo3D-master\Release\MyOpenGLProject.res
C:\Users\y.dopa\Documents\Visual Studio 2012\GL2DImageTo3D-master\Release\MyOpenGLProject.pdb
C:\Users\y.dopa\Documents\Visual Studio 2012\GL2DImageTo3D-master\Release\vc110.pdb
C:\Users\y.dopa\Documents\Visual Studio 2012\GL2DImageTo3D-master\Release\MyOpenGLProject.exe
